        -:    0:Source:velha.cpp
        -:    0:Graph:velha.gcno
        -:    0:Data:velha.gcda
        -:    0:Runs:2
        -:    1:/**
        -:    2: * \file  velha.cpp
        -:    3: */
        -:    4:
        -:    5:
        -:    6:#include "velha.hpp"
        -:    7:
        -:    8:/** 
        -:    9: * @brief verifica situacao do jogo da velha  
        -:   10: * @author Programador 
        -:   11: * @param  velha descreve o parametro
        -:   12: * 
        -:   13: *  Descrever o que a funcao faz
        -:   14: */ 
        -:   15:
        2:   16:int VerificaColuna( int matriz[3][3] )
        -:   17:{
        -:   18:	
        6:   19:	for(int j = 0; j < 3; j++){
        6:   20:	    if (matriz[0][j] == matriz[1][j] && matriz[1][j] == matriz[2][j]) {
        2:   21:	    	return matriz[0][j];
        -:   22:	    }
        -:   23:	}
    #####:   24:	return false;
        -:   25:
        -:   26:}
        -:   27:
        2:   28:int VerificaVelha( int velha[3][3] )
        -:   29:{
       2*:   30:	for(int j = 0; j < 3; j++) {
        2:   31:		int ganhador = VerificaColuna(velha);
        2:   32:		if(ganhador != 0) {
        2:   33:			return ganhador;
        -:   34:		}
        -:   35:	}
    #####:   36:	return 0;
        -:   37:}
        -:   38:
        -:   39:
