        -:    0:Source:velha.cpp
        -:    0:Graph:velha.gcno
        -:    0:Data:velha.gcda
        -:    0:Runs:4
        -:    1:/**
        -:    2: * \file  velha.cpp
        -:    3: * Copyright 2021 Gabriel Cruz
        -:    4: */
        -:    5:
        -:    6:
        -:    7:#include "velha.hpp"
        -:    8:
        -:    9:/** 
        -:   10: * @brief verifica situacao do jogo da velha  
        -:   11: * @author Programador 
        -:   12: * @param  velha descreve o parametro
        -:   13: * 
        -:   14: *  Descrever o que a funcao faz
        -:   15: */ 
       38:   16:int VerificaColuna(int matriz[3][3]) {
      132:   17:    for ( int j = 0; j < 3; j++ ) {
      106:   18:        if ( matriz[0][j] != 0 ) {
       54:   19:            if (matriz[0][j] == matriz[1][j] && matriz[1][j] == matriz[2][j]) {
       12:   20:                return matriz[0][j];
        -:   21:            }
        -:   22:        }
        -:   23:    }
       26:   24:    return false;
        -:   25:}
        -:   26:
       26:   27:int VerificaLinha(int matriz[3][3]) {
       80:   28:    for ( int i = 0; i < 3; i++ ) {
       66:   29:        if ( matriz[i][0] != 0 ) {
       34:   30:            if (matriz[i][0] == matriz[i][1] && matriz[i][1] == matriz[i][2]) {
       12:   31:                return matriz[i][0];
        -:   32:            }
        -:   33:        }
        -:   34:    }
       14:   35:    return false;
        -:   36:}
        -:   37:
       51:   38:int VerificaDiagonal(int matriz[3][3]) {
       51:   39:    if ( matriz[1][1] != 0 ) {
       23:   40:        if ( matriz[0][0] == matriz[1][1] && matriz[1][1] == matriz[2][2] ) {
        5:   41:            return matriz[1][1];
        -:   42:        }
       18:   43:        if (matriz[2][0] == matriz[1][1] && matriz[1][1] == matriz[2][0]) {
        8:   44:            return matriz[1][1];
        -:   45:        }
        -:   46:    }
       38:   47:    return 0;
        -:   48:}
        -:   49:
       14:   50:int VerificaZeros(int matriz[3][3]) {
       14:   51:    int contador = 0;
       56:   52:    for ( int i = 0; i < 3; i++ ) {
       42:   53:        if (matriz[i][0] == 0 || matriz[i][1] == 0 || matriz[i][2] == 0) {
       36:   54:            contador++;
        -:   55:        }
        -:   56:    }
       14:   57:    if (contador > 0) {
       12:   58:        return -1;
        -:   59:    }
        2:   60:    return 0;
        -:   61:}
        -:   62:
       51:   63:int VerificaVelha(int velha[3][3]) {
       51:   64:    int ganhadorDiagonal = VerificaDiagonal(velha);
       51:   65:    if ( ganhadorDiagonal != 0 ) {
       13:   66:        return ganhadorDiagonal;
        -:   67:    }
       38:   68:    int ganhadorColuna = VerificaColuna(velha);
       38:   69:    if ( ganhadorColuna != 0 ) {
       12:   70:        return ganhadorColuna;
        -:   71:    }
       26:   72:    int ganhadorLinha = VerificaLinha(velha);
       26:   73:    if ( ganhadorLinha != 0 ) {
       12:   74:       return ganhadorLinha;
        -:   75:    }
       14:   76:    int indefinido = VerificaZeros(velha);
       14:   77:    if ( indefinido != 0 ) {
       12:   78:        return indefinido;
        -:   79:    }
        2:   80:    return 0;
        -:   81:}
